# JRE version: Java(TM) SE Runtime Environment (8.0_31-b13) (build 1.8.0_31-b13)
# Java VM: Java HotSpot(TM) 64-Bit Server VM (25.31-b07 mixed mode windows-amd64 compressed oops)
Heap:
 PSYoungGen      total 181248K, used 15362K [0x000000076b400000, 0x0000000779480000, 0x00000007c0000000)
  eden space 173056K, 8% used [0x000000076b400000,0x000000076c298490,0x0000000775d00000)
  from space 8192K, 5% used [0x0000000778480000,0x00000007784e8450,0x0000000778c80000)
  to   space 7680K, 0% used [0x0000000778d00000,0x0000000778d00000,0x0000000779480000)
 ParOldGen       total 175104K, used 4262K [0x00000006c1c00000, 0x00000006cc700000, 0x000000076b400000)
  object space 175104K, 2% used [0x00000006c1c00000,0x00000006c2029ac0,0x00000006cc700000)
 Metaspace       used 13672K, capacity 13862K, committed 14080K, reserved 1060864K
  class space    used 1645K, capacity 1688K, committed 1792K, reserved 1048576K
GC Heap History (10 events):
Event: 8.845 GC heap before
{Heap before GC invocations=13 (full 0):
 PSYoungGen      total 208384K, used 207936K [0x000000076b400000, 0x000000077a400000, 0x00000007c0000000)
  eden space 207872K, 100% used [0x000000076b400000,0x0000000777f00000,0x0000000777f00000)
  from space 512K, 12% used [0x000000077a380000,0x000000077a390000,0x000000077a400000)
  to   space 9216K, 0% used [0x0000000779200000,0x0000000779200000,0x0000000779b00000)
 ParOldGen       total 175104K, used 4230K [0x00000006c1c00000, 0x00000006cc700000, 0x000000076b400000)
  object space 175104K, 2% used [0x00000006c1c00000,0x00000006c2021ac0,0x00000006cc700000)
 Metaspace       used 12849K, capacity 12998K, committed 13184K, reserved 1060864K
  class space    used 1626K, capacity 1656K, committed 1664K, reserved 1048576K
Event: 8.846 GC heap after
Heap after GC invocations=13 (full 0):
 PSYoungGen      total 209408K, used 64K [0x000000076b400000, 0x000000077a400000, 0x00000007c0000000)
  eden space 200192K, 0% used [0x000000076b400000,0x000000076b400000,0x0000000777780000)
  from space 9216K, 0% used [0x0000000779200000,0x0000000779210000,0x0000000779b00000)
  to   space 8704K, 0% used [0x0000000779b80000,0x0000000779b80000,0x000000077a400000)
 ParOldGen       total 175104K, used 4230K [0x00000006c1c00000, 0x00000006cc700000, 0x000000076b400000)
  object space 175104K, 2% used [0x00000006c1c00000,0x00000006c2021ac0,0x00000006cc700000)
 Metaspace       used 12849K, capacity 12998K, committed 13184K, reserved 1060864K
  class space    used 1626K, capacity 1656K, committed 1664K, reserved 1048576K
}
Event: 9.833 GC heap before
{Heap before GC invocations=14 (full 0):
 PSYoungGen      total 209408K, used 200256K [0x000000076b400000, 0x000000077a400000, 0x00000007c0000000)
  eden space 200192K, 100% used [0x000000076b400000,0x0000000777780000,0x0000000777780000)
  from space 9216K, 0% used [0x0000000779200000,0x0000000779210000,0x0000000779b00000)
  to   space 8704K, 0% used [0x0000000779b80000,0x0000000779b80000,0x000000077a400000)
 ParOldGen       total 175104K, used 4230K [0x00000006c1c00000, 0x00000006cc700000, 0x000000076b400000)
  object space 175104K, 2% used [0x00000006c1c00000,0x00000006c2021ac0,0x00000006cc700000)
 Metaspace       used 12849K, capacity 12998K, committed 13184K, reserved 1060864K
  class space    used 1626K, capacity 1656K, committed 1664K, reserved 1048576K
Event: 9.836 GC heap after
Heap after GC invocations=14 (full 0):
 PSYoungGen      total 193536K, used 64K [0x000000076b400000, 0x0000000779c00000, 0x00000007c0000000)
  eden space 193024K, 0% used [0x000000076b400000,0x000000076b400000,0x0000000777080000)
  from space 512K, 12% used [0x0000000779b80000,0x0000000779b90000,0x0000000779c00000)
  to   space 8704K, 0% used [0x0000000778b00000,0x0000000778b00000,0x0000000779380000)
 ParOldGen       total 175104K, used 4230K [0x00000006c1c00000, 0x00000006cc700000, 0x000000076b400000)
  object space 175104K, 2% used [0x00000006c1c00000,0x00000006c2021ac0,0x00000006cc700000)
 Metaspace       used 12849K, capacity 12998K, committed 13184K, reserved 1060864K
  class space    used 1626K, capacity 1656K, committed 1664K, reserved 1048576K
}
Event: 10.788 GC heap before
{Heap before GC invocations=15 (full 0):
 PSYoungGen      total 193536K, used 193088K [0x000000076b400000, 0x0000000779c00000, 0x00000007c0000000)
  eden space 193024K, 100% used [0x000000076b400000,0x0000000777080000,0x0000000777080000)
  from space 512K, 12% used [0x0000000779b80000,0x0000000779b90000,0x0000000779c00000)
  to   space 8704K, 0% used [0x0000000778b00000,0x0000000778b00000,0x0000000779380000)
 ParOldGen       total 175104K, used 4230K [0x00000006c1c00000, 0x00000006cc700000, 0x000000076b400000)
  object space 175104K, 2% used [0x00000006c1c00000,0x00000006c2021ac0,0x00000006cc700000)
 Metaspace       used 12849K, capacity 12998K, committed 13184K, reserved 1060864K
  class space    used 1626K, capacity 1656K, committed 1664K, reserved 1048576K
Event: 10.789 GC heap after
Heap after GC invocations=15 (full 0):
 PSYoungGen      total 194560K, used 64K [0x000000076b400000, 0x0000000779c00000, 0x00000007c0000000)
  eden space 185856K, 0% used [0x000000076b400000,0x000000076b400000,0x0000000776980000)
  from space 8704K, 0% used [0x0000000778b00000,0x0000000778b10000,0x0000000779380000)
  to   space 8192K, 0% used [0x0000000779400000,0x0000000779400000,0x0000000779c00000)
 ParOldGen       total 175104K, used 4230K [0x00000006c1c00000, 0x00000006cc700000, 0x000000076b400000)
  object space 175104K, 2% used [0x00000006c1c00000,0x00000006c2021ac0,0x00000006cc700000)
 Metaspace       used 12849K, capacity 12998K, committed 13184K, reserved 1060864K
  class space    used 1626K, capacity 1656K, committed 1664K, reserved 1048576K
}
Event: 11.575 GC heap before
{Heap before GC invocations=16 (full 0):
 PSYoungGen      total 194560K, used 185920K [0x000000076b400000, 0x0000000779c00000, 0x00000007c0000000)
  eden space 185856K, 100% used [0x000000076b400000,0x0000000776980000,0x0000000776980000)
  from space 8704K, 0% used [0x0000000778b00000,0x0000000778b10000,0x0000000779380000)
  to   space 8192K, 0% used [0x0000000779400000,0x0000000779400000,0x0000000779c00000)
 ParOldGen       total 175104K, used 4230K [0x00000006c1c00000, 0x00000006cc700000, 0x000000076b400000)
  object space 175104K, 2% used [0x00000006c1c00000,0x00000006c2021ac0,0x00000006cc700000)
 Metaspace       used 12849K, capacity 12998K, committed 13184K, reserved 1060864K
  class space    used 1626K, capacity 1656K, committed 1664K, reserved 1048576K
Event: 11.576 GC heap after
Heap after GC invocations=16 (full 0):
 PSYoungGen      total 179712K, used 64K [0x000000076b400000, 0x0000000779480000, 0x00000007c0000000)
  eden space 179200K, 0% used [0x000000076b400000,0x000000076b400000,0x0000000776300000)
  from space 512K, 12% used [0x0000000779400000,0x0000000779410000,0x0000000779480000)
  to   space 8192K, 0% used [0x0000000778480000,0x0000000778480000,0x0000000778c80000)
 ParOldGen       total 175104K, used 4254K [0x00000006c1c00000, 0x00000006cc700000, 0x000000076b400000)
  object space 175104K, 2% used [0x00000006c1c00000,0x00000006c2027ac0,0x00000006cc700000)
 Metaspace       used 12849K, capacity 12998K, committed 13184K, reserved 1060864K
  class space    used 1626K, capacity 1656K, committed 1664K, reserved 1048576K
}
Event: 16.005 GC heap before
{Heap before GC invocations=17 (full 0):
 PSYoungGen      total 179712K, used 179264K [0x000000076b400000, 0x0000000779480000, 0x00000007c0000000)
  eden space 179200K, 100% used [0x000000076b400000,0x0000000776300000,0x0000000776300000)
  from space 512K, 12% used [0x0000000779400000,0x0000000779410000,0x0000000779480000)
  to   space 8192K, 0% used [0x0000000778480000,0x0000000778480000,0x0000000778c80000)
 ParOldGen       total 175104K, used 4254K [0x00000006c1c00000, 0x00000006cc700000, 0x000000076b400000)
  object space 175104K, 2% used [0x00000006c1c00000,0x00000006c2027ac0,0x00000006cc700000)
 Metaspace       used 13664K, capacity 13862K, committed 14080K, reserved 1060864K
  class space    used 1644K, capacity 1688K, committed 1792K, reserved 1048576K
Event: 16.006 GC heap after
Heap after GC invocations=17 (full 0):
 PSYoungGen      total 181248K, used 417K [0x000000076b400000, 0x0000000779480000, 0x00000007c0000000)
  eden space 173056K, 0% used [0x000000076b400000,0x000000076b400000,0x0000000775d00000)
  from space 8192K, 5% used [0x0000000778480000,0x00000007784e8450,0x0000000778c80000)
  to   space 7680K, 0% used [0x0000000778d00000,0x0000000778d00000,0x0000000779480000)
 ParOldGen       total 175104K, used 4262K [0x00000006c1c00000, 0x00000006cc700000, 0x000000076b400000)
  object space 175104K, 2% used [0x00000006c1c00000,0x00000006c2029ac0,0x00000006cc700000)
 Metaspace       used 13664K, capacity 13862K, committed 14080K, reserved 1060864K
  class space    used 1644K, capacity 1688K, committed 1792K, reserved 1048576K
}

