# JRE version: Java(TM) SE Runtime Environment (8.0_31-b13) (build 1.8.0_31-b13)
# Java VM: Java HotSpot(TM) 64-Bit Server VM (25.31-b07 mixed mode windows-amd64 compressed oops)
Heap:
 PSYoungGen      total 162304K, used 111590K [0x000000076b400000, 0x0000000789000000, 0x00000007c0000000)
  eden space 155648K, 71% used [0x000000076b400000,0x00000007720e9a98,0x0000000774c00000)
  from space 6656K, 0% used [0x0000000788300000,0x0000000788310000,0x0000000788980000)
  to   space 6144K, 0% used [0x0000000788a00000,0x0000000788a00000,0x0000000789000000)
 ParOldGen       total 175104K, used 4189K [0x00000006c1c00000, 0x00000006cc700000, 0x000000076b400000)
  object space 175104K, 2% used [0x00000006c1c00000,0x00000006c20176b0,0x00000006cc700000)
 Metaspace       used 13582K, capacity 13798K, committed 14080K, reserved 1060864K
  class space    used 1646K, capacity 1688K, committed 1792K, reserved 1048576K
GC Heap History (10 events):
Event: 7.557 GC heap before
{Heap before GC invocations=17 (full 0):
 PSYoungGen      total 186368K, used 185920K [0x000000076b400000, 0x0000000789d00000, 0x00000007c0000000)
  eden space 185856K, 100% used [0x000000076b400000,0x0000000776980000,0x0000000776980000)
  from space 512K, 12% used [0x0000000789c80000,0x0000000789c90000,0x0000000789d00000)
  to   space 8192K, 0% used [0x0000000788d00000,0x0000000788d00000,0x0000000789500000)
 ParOldGen       total 175104K, used 4189K [0x00000006c1c00000, 0x00000006cc700000, 0x000000076b400000)
  object space 175104K, 2% used [0x00000006c1c00000,0x00000006c20176b0,0x00000006cc700000)
 Metaspace       used 12876K, capacity 12998K, committed 13184K, reserved 1060864K
  class space    used 1628K, capacity 1656K, committed 1664K, reserved 1048576K
Event: 7.557 GC heap after
Heap after GC invocations=17 (full 0):
 PSYoungGen      total 187392K, used 32K [0x000000076b400000, 0x0000000789d00000, 0x00000007c0000000)
  eden space 179200K, 0% used [0x000000076b400000,0x000000076b400000,0x0000000776300000)
  from space 8192K, 0% used [0x0000000788d00000,0x0000000788d08000,0x0000000789500000)
  to   space 7680K, 0% used [0x0000000789580000,0x0000000789580000,0x0000000789d00000)
 ParOldGen       total 175104K, used 4189K [0x00000006c1c00000, 0x00000006cc700000, 0x000000076b400000)
  object space 175104K, 2% used [0x00000006c1c00000,0x00000006c20176b0,0x00000006cc700000)
 Metaspace       used 12876K, capacity 12998K, committed 13184K, reserved 1060864K
  class space    used 1628K, capacity 1656K, committed 1664K, reserved 1048576K
}
Event: 7.897 GC heap before
{Heap before GC invocations=18 (full 0):
 PSYoungGen      total 187392K, used 179232K [0x000000076b400000, 0x0000000789d00000, 0x00000007c0000000)
  eden space 179200K, 100% used [0x000000076b400000,0x0000000776300000,0x0000000776300000)
  from space 8192K, 0% used [0x0000000788d00000,0x0000000788d08000,0x0000000789500000)
  to   space 7680K, 0% used [0x0000000789580000,0x0000000789580000,0x0000000789d00000)
 ParOldGen       total 175104K, used 4189K [0x00000006c1c00000, 0x00000006cc700000, 0x000000076b400000)
  object space 175104K, 2% used [0x00000006c1c00000,0x00000006c20176b0,0x00000006cc700000)
 Metaspace       used 12876K, capacity 12998K, committed 13184K, reserved 1060864K
  class space    used 1628K, capacity 1656K, committed 1664K, reserved 1048576K
Event: 7.898 GC heap after
Heap after GC invocations=18 (full 0):
 PSYoungGen      total 173568K, used 64K [0x000000076b400000, 0x0000000789600000, 0x00000007c0000000)
  eden space 173056K, 0% used [0x000000076b400000,0x000000076b400000,0x0000000775d00000)
  from space 512K, 12% used [0x0000000789580000,0x0000000789590000,0x0000000789600000)
  to   space 7168K, 0% used [0x0000000788800000,0x0000000788800000,0x0000000788f00000)
 ParOldGen       total 175104K, used 4189K [0x00000006c1c00000, 0x00000006cc700000, 0x000000076b400000)
  object space 175104K, 2% used [0x00000006c1c00000,0x00000006c20176b0,0x00000006cc700000)
 Metaspace       used 12876K, capacity 12998K, committed 13184K, reserved 1060864K
  class space    used 1628K, capacity 1656K, committed 1664K, reserved 1048576K
}
Event: 8.235 GC heap before
{Heap before GC invocations=19 (full 0):
 PSYoungGen      total 173568K, used 173120K [0x000000076b400000, 0x0000000789600000, 0x00000007c0000000)
  eden space 173056K, 100% used [0x000000076b400000,0x0000000775d00000,0x0000000775d00000)
  from space 512K, 12% used [0x0000000789580000,0x0000000789590000,0x0000000789600000)
  to   space 7168K, 0% used [0x0000000788800000,0x0000000788800000,0x0000000788f00000)
 ParOldGen       total 175104K, used 4189K [0x00000006c1c00000, 0x00000006cc700000, 0x000000076b400000)
  object space 175104K, 2% used [0x00000006c1c00000,0x00000006c20176b0,0x00000006cc700000)
 Metaspace       used 12876K, capacity 12998K, committed 13184K, reserved 1060864K
  class space    used 1628K, capacity 1656K, committed 1664K, reserved 1048576K
Event: 8.236 GC heap after
Heap after GC invocations=19 (full 0):
 PSYoungGen      total 174080K, used 64K [0x000000076b400000, 0x0000000789600000, 0x00000007c0000000)
  eden space 166912K, 0% used [0x000000076b400000,0x000000076b400000,0x0000000775700000)
  from space 7168K, 0% used [0x0000000788800000,0x0000000788810000,0x0000000788f00000)
  to   space 6656K, 0% used [0x0000000788f80000,0x0000000788f80000,0x0000000789600000)
 ParOldGen       total 175104K, used 4189K [0x00000006c1c00000, 0x00000006cc700000, 0x000000076b400000)
  object space 175104K, 2% used [0x00000006c1c00000,0x00000006c20176b0,0x00000006cc700000)
 Metaspace       used 12876K, capacity 12998K, committed 13184K, reserved 1060864K
  class space    used 1628K, capacity 1656K, committed 1664K, reserved 1048576K
}
Event: 8.601 GC heap before
{Heap before GC invocations=20 (full 0):
 PSYoungGen      total 174080K, used 166976K [0x000000076b400000, 0x0000000789600000, 0x00000007c0000000)
  eden space 166912K, 100% used [0x000000076b400000,0x0000000775700000,0x0000000775700000)
  from space 7168K, 0% used [0x0000000788800000,0x0000000788810000,0x0000000788f00000)
  to   space 6656K, 0% used [0x0000000788f80000,0x0000000788f80000,0x0000000789600000)
 ParOldGen       total 175104K, used 4189K [0x00000006c1c00000, 0x00000006cc700000, 0x000000076b400000)
  object space 175104K, 2% used [0x00000006c1c00000,0x00000006c20176b0,0x00000006cc700000)
 Metaspace       used 12876K, capacity 12998K, committed 13184K, reserved 1060864K
  class space    used 1628K, capacity 1656K, committed 1664K, reserved 1048576K
Event: 8.602 GC heap after
Heap after GC invocations=20 (full 0):
 PSYoungGen      total 161792K, used 64K [0x000000076b400000, 0x0000000789000000, 0x00000007c0000000)
  eden space 161280K, 0% used [0x000000076b400000,0x000000076b400000,0x0000000775180000)
  from space 512K, 12% used [0x0000000788f80000,0x0000000788f90000,0x0000000789000000)
  to   space 6656K, 0% used [0x0000000788300000,0x0000000788300000,0x0000000788980000)
 ParOldGen       total 175104K, used 4189K [0x00000006c1c00000, 0x00000006cc700000, 0x000000076b400000)
  object space 175104K, 2% used [0x00000006c1c00000,0x00000006c20176b0,0x00000006cc700000)
 Metaspace       used 12876K, capacity 12998K, committed 13184K, reserved 1060864K
  class space    used 1628K, capacity 1656K, committed 1664K, reserved 1048576K
}
Event: 9.026 GC heap before
{Heap before GC invocations=21 (full 0):
 PSYoungGen      total 161792K, used 161344K [0x000000076b400000, 0x0000000789000000, 0x00000007c0000000)
  eden space 161280K, 100% used [0x000000076b400000,0x0000000775180000,0x0000000775180000)
  from space 512K, 12% used [0x0000000788f80000,0x0000000788f90000,0x0000000789000000)
  to   space 6656K, 0% used [0x0000000788300000,0x0000000788300000,0x0000000788980000)
 ParOldGen       total 175104K, used 4189K [0x00000006c1c00000, 0x00000006cc700000, 0x000000076b400000)
  object space 175104K, 2% used [0x00000006c1c00000,0x00000006c20176b0,0x00000006cc700000)
 Metaspace       used 12876K, capacity 12998K, committed 13184K, reserved 1060864K
  class space    used 1628K, capacity 1656K, committed 1664K, reserved 1048576K
Event: 9.028 GC heap after
Heap after GC invocations=21 (full 0):
 PSYoungGen      total 162304K, used 64K [0x000000076b400000, 0x0000000789000000, 0x00000007c0000000)
  eden space 155648K, 0% used [0x000000076b400000,0x000000076b400000,0x0000000774c00000)
  from space 6656K, 0% used [0x0000000788300000,0x0000000788310000,0x0000000788980000)
  to   space 6144K, 0% used [0x0000000788a00000,0x0000000788a00000,0x0000000789000000)
 ParOldGen       total 175104K, used 4189K [0x00000006c1c00000, 0x00000006cc700000, 0x000000076b400000)
  object space 175104K, 2% used [0x00000006c1c00000,0x00000006c20176b0,0x00000006cc700000)
 Metaspace       used 12876K, capacity 12998K, committed 13184K, reserved 1060864K
  class space    used 1628K, capacity 1656K, committed 1664K, reserved 1048576K
}

